2026-06-11 18:44:37 [INFO] === 初始化 BGBUSDT [LIVE] ===
2026-06-11 18:44:38 [INFO] symbolStatus: normal
2026-06-11 18:44:38 [INFO] POST /api/v3/account/set-hold-mode 成功
2026-06-11 18:44:38 [INFO] 持仓模式已设置为: one_way_mode
2026-06-11 18:44:38 [INFO] POST /api/v3/account/set-leverage 成功
2026-06-11 18:44:38 [INFO] 杠杆已设置为 3x
2026-06-11 18:44:38 [INFO] size=4.0 验证通过
2026-06-11 18:44:39 [INFO] 接管已有持仓: 112.0 张 @ 1.769139 -> opens=28
2026-06-11 18:44:39 [INFO] [refresh|startup|r679068] stack_top=1.769139 SELL: desired=1.777900 cur=None needs_refresh=True
2026-06-11 18:44:39 [INFO] POST /api/v3/trade/place-order 成功
2026-06-11 18:44:39 [INFO] [r679068] SELL postOnly 已挂 1448917115070541824 @ 1.777900
2026-06-11 18:44:39 [INFO] [refresh|startup|r679068] BUY: depth=28 current=0 cancel=0 place=28
2026-06-11 18:44:39 [INFO] POST /api/v3/trade/place-order 成功
2026-06-11 18:44:39 [INFO] [r679068] BUY postOnly 已挂 1448917115674521600 @ 1.760200
2026-06-11 18:44:39 [INFO] POST /api/v3/trade/place-order 成功
2026-06-11 18:44:39 [INFO] [r679068] BUY postOnly 已挂 1448917116274307072 @ 1.751400
2026-06-11 18:44:39 [INFO] POST /api/v3/trade/place-order 成功
2026-06-11 18:44:39 [INFO] [r679068] BUY postOnly 已挂 1448917116886675456 @ 1.742700
2026-06-11 18:44:39 [INFO] POST /api/v3/trade/place-order 成功
2026-06-11 18:44:39 [INFO] [r679068] BUY postOnly 已挂 1448917117490655232 @ 1.734000
2026-06-11 18:44:39 [INFO] POST /api/v3/trade/place-order 成功
2026-06-11 18:44:39 [INFO] [r679068] BUY postOnly 已挂 1448917118090440704 @ 1.725300
2026-06-11 18:44:40 [INFO] POST /api/v3/trade/place-order 成功
2026-06-11 18:44:40 [INFO] [r679068] BUY postOnly 已挂 1448917118736363520 @ 1.716700
2026-06-11 18:44:40 [INFO] POST /api/v3/trade/place-order 成功
2026-06-11 18:44:40 [INFO] [r679068] BUY postOnly 已挂 1448917119382286336 @ 1.708100
2026-06-11 18:44:40 [INFO] POST /api/v3/trade/place-order 成功
2026-06-11 18:44:40 [INFO] [r679068] BUY postOnly 已挂 1448917119986266112 @ 1.699500
2026-06-11 18:44:40 [INFO] POST /api/v3/trade/place-order 成功
2026-06-11 18:44:40 [INFO] [r679068] BUY postOnly 已挂 1448917120728657920 @ 1.691100
2026-06-11 18:44:40 [INFO] POST /api/v3/trade/place-order 成功
2026-06-11 18:44:40 [INFO] [r679068] BUY postOnly 已挂 1448917121353609216 @ 1.682600
2026-06-11 18:44:40 [INFO] POST /api/v3/trade/place-order 成功
2026-06-11 18:44:40 [INFO] [r679068] BUY postOnly 已挂 1448917121986949120 @ 1.674200
2026-06-11 18:44:41 [INFO] POST /api/v3/trade/place-order 成功
2026-06-11 18:44:41 [INFO] [r679068] BUY postOnly 已挂 1448917122599317504 @ 1.665800
2026-06-11 18:44:41 [INFO] POST /api/v3/trade/place-order 成功
2026-06-11 18:44:41 [INFO] [r679068] BUY postOnly 已挂 1448917123199102976 @ 1.657500
2026-06-11 18:44:41 [INFO] POST /api/v3/trade/place-order 成功
2026-06-11 18:44:41 [INFO] [r679068] BUY postOnly 已挂 1448917123790499840 @ 1.649200
2026-06-11 18:44:41 [INFO] POST /api/v3/trade/place-order 成功
2026-06-11 18:44:41 [INFO] [r679068] BUY postOnly 已挂 1448917124390285312 @ 1.640900
2026-06-11 18:44:41 [INFO] POST /api/v3/trade/place-order 成功
2026-06-11 18:44:41 [INFO] [r679068] BUY postOnly 已挂 1448917125015236608 @ 1.632700
2026-06-11 18:44:41 [INFO] POST /api/v3/trade/place-order 成功
2026-06-11 18:44:41 [INFO] [r679068] BUY postOnly 已挂 1448917125640187904 @ 1.624600
2026-06-11 18:44:41 [INFO] POST /api/v3/trade/place-order 成功
2026-06-11 18:44:41 [INFO] [r679068] BUY postOnly 已挂 1448917126294499328 @ 1.616500
2026-06-11 18:44:42 [INFO] POST /api/v3/trade/place-order 成功
2026-06-11 18:44:42 [INFO] [r679068] BUY postOnly 已挂 1448917126902673408 @ 1.608400
2026-06-11 18:44:42 [INFO] POST /api/v3/trade/place-order 成功
2026-06-11 18:44:42 [INFO] [r679068] BUY postOnly 已挂 1448917127485681664 @ 1.600300
2026-06-11 18:44:42 [INFO] POST /api/v3/trade/place-order 成功
2026-06-11 18:44:42 [INFO] [r679068] BUY postOnly 已挂 1448917128089661440 @ 1.592300
2026-06-11 18:44:42 [INFO] POST /api/v3/trade/place-order 成功
2026-06-11 18:44:42 [INFO] [r679068] BUY postOnly 已挂 1448917128706224128 @ 1.584400
2026-06-11 18:44:42 [INFO] POST /api/v3/trade/place-order 成功
2026-06-11 18:44:42 [INFO] [r679068] BUY postOnly 已挂 1448917129306009600 @ 1.576400
2026-06-11 18:44:42 [INFO] POST /api/v3/trade/place-order 成功
2026-06-11 18:44:42 [INFO] [r679068] BUY postOnly 已挂 1448917129897406464 @ 1.568600
2026-06-11 18:44:42 [INFO] POST /api/v3/trade/place-order 成功
2026-06-11 18:44:42 [INFO] [r679068] BUY postOnly 已挂 1448917130484609024 @ 1.560700
2026-06-11 18:44:43 [INFO] POST /api/v3/trade/place-order 成功
2026-06-11 18:44:43 [INFO] [r679068] BUY postOnly 已挂 1448917131092783104 @ 1.552900
2026-06-11 18:44:43 [INFO] POST /api/v3/trade/place-order 成功
2026-06-11 18:44:43 [INFO] [r679068] BUY postOnly 已挂 1448917131684179968 @ 1.545200
2026-06-11 18:44:43 [INFO] POST /api/v3/trade/place-order 成功
2026-06-11 18:44:43 [INFO] [r679068] BUY postOnly 已挂 1448917132292354048 @ 1.537400
2026-06-11 18:44:43 [INFO] 启动完成: 模式=LIVE 网格=0.50% stack_top=1.769139 持仓=28 单
2026-06-11 18:44:43 [INFO] 策略启动: [LIVE] 轮询间隔=5s
